

*******************************************************************************
Tue Oct  5 18:45:47 2021


FIT:    data read from "output.txt" using 1:2
        format = x:z
        #datapoints = 10
        residuals are weighted equally (unit weight)

function used for fitting: f(x)
fitted parameters initialized with current variable values



 Iteration 0
 WSSR        : 2.75949e+15       delta(WSSR)/WSSR   : 0
 delta(WSSR) : 0                 limit for stopping : 1e-05
 lambda	  : 1.26542e+07

initial set of free parameter values

a               = 1
b               = 1
c               = 1

After 10 iterations the fit converged.
final sum of squares of residuals : 2.4907e+07
rel. change during last iteration : -1.42154e-08

degrees of freedom    (FIT_NDF)                        : 7
rms of residuals      (FIT_STDFIT) = sqrt(WSSR/ndf)    : 1886.31
variance of residuals (reduced chisquare) = WSSR/ndf   : 3.55815e+06

Final set of parameters            Asymptotic Standard Error
=======================            ==========================

a               = -386.223         +/- 815.2        (211.1%)
b               = 0.407733         +/- 0.8708       (213.6%)
c               = 0.24217          +/- 0.000109     (0.045%)


correlation matrix of the fit parameters:

               a      b      c      
a               1.000 
b              -0.598  1.000 
c               0.486 -0.962  1.000 


*******************************************************************************
Tue Oct  5 18:53:07 2021


FIT:    data read from "output.txt" using 1:4
        format = x:z
        #datapoints = 10
        residuals are weighted equally (unit weight)

function used for fitting: g(x)
fitted parameters initialized with current variable values



 Iteration 0
 WSSR        : 1.03947e+15       delta(WSSR)/WSSR   : 0
 delta(WSSR) : 0                 limit for stopping : 1e-05
 lambda	  : 26299.5

initial set of free parameter values

a               = -386.223

After 6 iterations the fit converged.
final sum of squares of residuals : 2.29143e-22
rel. change during last iteration : 0

degrees of freedom    (FIT_NDF)                        : 9
rms of residuals      (FIT_STDFIT) = sqrt(WSSR/ndf)    : 5.04582e-12
variance of residuals (reduced chisquare) = WSSR/ndf   : 2.54603e-23

Final set of parameters            Asymptotic Standard Error
=======================            ==========================

a               = 1.4427           +/- 6.067e-17    (4.205e-15%)


correlation matrix of the fit parameters:

               a      
a               1.000 


*******************************************************************************
Tue Oct  5 18:56:20 2021


FIT:    data read from "output.txt" using 1:6
        format = x:z
        #datapoints = 10
        residuals are weighted equally (unit weight)

function used for fitting: m(x)
fitted parameters initialized with current variable values



 Iteration 0
 WSSR        : 6.07583e+09       delta(WSSR)/WSSR   : 0
 delta(WSSR) : 0                 limit for stopping : 1e-05
 lambda	  : 26299.5

initial set of free parameter values

a               = 1.4427

After 4 iterations the fit converged.
final sum of squares of residuals : 758704
rel. change during last iteration : -9.82014e-15

degrees of freedom    (FIT_NDF)                        : 9
rms of residuals      (FIT_STDFIT) = sqrt(WSSR/ndf)    : 290.345
variance of residuals (reduced chisquare) = WSSR/ndf   : 84300.5

Final set of parameters            Asymptotic Standard Error
=======================            ==========================

a               = 0.505505         +/- 0.003491     (0.6906%)


correlation matrix of the fit parameters:

               a      
a               1.000 


*******************************************************************************
Tue Oct  5 18:58:44 2021


FIT:    data read from "output.txt" using 1:8
        format = x:z
        #datapoints = 10
        residuals are weighted equally (unit weight)

function used for fitting: n(x)
fitted parameters initialized with current variable values



 Iteration 0
 WSSR        : 4.27153e+09       delta(WSSR)/WSSR   : 0
 delta(WSSR) : 0                 limit for stopping : 1e-05
 lambda	  : 356.049

initial set of free parameter values

a               = 0.505505

After 20 iterations the fit converged.
final sum of squares of residuals : 6.64987e+06
rel. change during last iteration : -2.80102e-16

degrees of freedom    (FIT_NDF)                        : 9
rms of residuals      (FIT_STDFIT) = sqrt(WSSR/ndf)    : 859.578
variance of residuals (reduced chisquare) = WSSR/ndf   : 738875

Final set of parameters            Asymptotic Standard Error
=======================            ==========================

a               = 1.21913          +/- 0.001476     (0.1211%)


correlation matrix of the fit parameters:

               a      
a               1.000 
